<?xml version="1.0" encoding="UTF-8"?>
<!-- Generated by org.testng.reporters.JUnitReportReporter -->
<testsuite hostname="LAPTOP-0FLDTBIB" failures="0" tests="1" name="practise.test.PractiseAssertionTest" time="94.851" errors="0" timestamp="2024-10-30T13:10:36 IST" skipped="0">
  <testcase classname="practise.test.PractiseAssertionTest" name="testing" time="94.851"/>
</testsuite> <!-- practise.test.PractiseAssertionTest -->
