<?xml version="1.0" encoding="UTF-8"?>
<!-- Generated by org.testng.reporters.JUnitReportReporter -->
<testsuite hostname="LAPTOP-0FLDTBIB" failures="0" tests="5" name="com.technosol.contacttest.DEmo" time="0.022" errors="0" timestamp="2024-10-23T10:50:15 IST" skipped="0">
  <testcase classname="com.technosol.contacttest.DEmo" name="demo2Test" time="0.002"/>
  <testcase classname="com.technosol.contacttest.DEmo" name="createCon" time="0.008"/>
  <testcase classname="com.technosol.contacttest.DEmo" name="createCon" time="0.002"/>
  <testcase classname="com.technosol.contacttest.DEmo" name="createCon" time="0.007"/>
  <testcase classname="com.technosol.contacttest.DEmo" name="remo1Test" time="0.003"/>
</testsuite> <!-- com.technosol.contacttest.DEmo -->
