<?xml version="1.0" encoding="UTF-8"?>
<!-- Generated by org.testng.reporters.JUnitReportReporter -->
<testsuite hostname="LAPTOP-0FLDTBIB" failures="0" tests="3" name="practise.test.AdvanceReportTest" time="0.024" errors="0" timestamp="2024-11-05T13:53:21 IST" skipped="0">
  <testcase classname="practise.test.AdvanceReportTest" name="createContactTest" time="0.012"/>
  <testcase classname="practise.test.AdvanceReportTest" name="createContactTestWithLN" time="0.007"/>
  <testcase classname="practise.test.AdvanceReportTest" name="createContactWithorgTest" time="0.005"/>
</testsuite> <!-- practise.test.AdvanceReportTest -->
